


ARM Macro Assembler    Page 1 


    1 00000000         ;******************** (C) COPYRIGHT 2011 STMicroelectron
                       ics ********************
    2 00000000         ;* File Name          : startup_stm32f4xx.s
    3 00000000         ;* Author             : MCD Application Team
    4 00000000         ;* Version            : V1.0.0
    5 00000000         ;* Date               : 30-September-2011
    6 00000000         ;* Description        : STM32F4xx devices vector table f
                       or MDK-ARM toolchain. 
    7 00000000         ;*                      This module performs:
    8 00000000         ;*                      - Set the initial SP
    9 00000000         ;*                      - Set the initial PC == Reset_Ha
                       ndler
   10 00000000         ;*                      - Set the vector table entries w
                       ith the exceptions ISR address
   11 00000000         ;*                      - Configure the system clock and
                        the external SRAM mounted on 
   12 00000000         ;*                        STM324xG-EVAL board to be used
                        as data memory (optional, 
   13 00000000         ;*                        to be enabled by user)
   14 00000000         ;*                      - Branches to __main in the C li
                       brary (which eventually
   15 00000000         ;*                        calls main()).
   16 00000000         ;*                      After Reset the CortexM4 process
                       or is in Thread mode,
   17 00000000         ;*                      priority is Privileged, and the 
                       Stack is set to Main.
   18 00000000         ;* <<< Use Configuration Wizard in Context Menu >>>   
   19 00000000         ;*******************************************************
                       ************************
   20 00000000         ; THE PRESENT FIRMWARE WHICH IS FOR GUIDANCE ONLY AIMS A
                       T PROVIDING CUSTOMERS
   21 00000000         ; WITH CODING INFORMATION REGARDING THEIR PRODUCTS IN OR
                       DER FOR THEM TO SAVE TIME.
   22 00000000         ; AS A RESULT, STMICROELECTRONICS SHALL NOT BE HELD LIAB
                       LE FOR ANY DIRECT,
   23 00000000         ; INDIRECT OR CONSEQUENTIAL DAMAGES WITH RESPECT TO ANY 
                       CLAIMS ARISING FROM THE
   24 00000000         ; CONTENT OF SUCH FIRMWARE AND/OR THE USE MADE BY CUSTOM
                       ERS OF THE CODING
   25 00000000         ; INFORMATION CONTAINED HEREIN IN CONNECTION WITH THEIR 
                       PRODUCTS.
   26 00000000         ;*******************************************************
                       ************************
   27 00000000         
   28 00000000         ; Amount of memory (in bytes) allocated for Stack
   29 00000000         ; Tailor this value to your application needs
   30 00000000         ; <h> Stack Configuration
   31 00000000         ;   <o> Stack Size (in Bytes) <0x0-0xFFFFFFFF:8>
   32 00000000         ; </h>
   33 00000000         
   34 00000000 00000400 
                       Stack_Size
                               EQU              0x00000400
   35 00000000         
   36 00000000                 AREA             STACK, NOINIT, READWRITE, ALIGN
=3
   37 00000000         Stack_Mem
                               SPACE            Stack_Size
   38 00000400         __initial_sp



ARM Macro Assembler    Page 2 


   39 00000400         
   40 00000400         
   41 00000400         ; <h> Heap Configuration
   42 00000400         ;   <o>  Heap Size (in Bytes) <0x0-0xFFFFFFFF:8>
   43 00000400         ; </h>
   44 00000400         
   45 00000400 00000200 
                       Heap_Size
                               EQU              0x00000200
   46 00000400         
   47 00000400                 AREA             HEAP, NOINIT, READWRITE, ALIGN=
3
   48 00000000         __heap_base
   49 00000000         Heap_Mem
                               SPACE            Heap_Size
   50 00000200         __heap_limit
   51 00000200         
   52 00000200                 PRESERVE8
   53 00000200                 THUMB
   54 00000200         
   55 00000200         
   56 00000200         ; Vector Table Mapped to Address 0 at Reset
   57 00000200                 AREA             RESET, DATA, READONLY
   58 00000000                 EXPORT           __Vectors
   59 00000000                 EXPORT           __Vectors_End
   60 00000000                 EXPORT           __Vectors_Size
   61 00000000         
   62 00000000 00000000 
                       __Vectors
                               DCD              __initial_sp ; Top of Stack
   63 00000004 00000000        DCD              Reset_Handler ; Reset Handler
   64 00000008 00000000        DCD              NMI_Handler ; NMI Handler
   65 0000000C 00000000        DCD              HardFault_Handler ; Hard Fault 
                                                            Handler
   66 00000010 00000000        DCD              MemManage_Handler 
                                                            ; MPU Fault Handler
                                                            
   67 00000014 00000000        DCD              BusFault_Handler 
                                                            ; Bus Fault Handler
                                                            
   68 00000018 00000000        DCD              UsageFault_Handler ; Usage Faul
                                                            t Handler
   69 0000001C 00000000        DCD              0           ; Reserved
   70 00000020 00000000        DCD              0           ; Reserved
   71 00000024 00000000        DCD              0           ; Reserved
   72 00000028 00000000        DCD              0           ; Reserved
   73 0000002C 00000000        DCD              SVC_Handler ; SVCall Handler
   74 00000030 00000000        DCD              DebugMon_Handler ; Debug Monito
                                                            r Handler
   75 00000034 00000000        DCD              0           ; Reserved
   76 00000038 00000000        DCD              PendSV_Handler ; PendSV Handler
                                                            
   77 0000003C 00000000        DCD              SysTick_Handler 
                                                            ; SysTick Handler
   78 00000040         
   79 00000040         ; External Interrupts
   80 00000040 00000000        DCD              WWDG_IRQHandler ; Window WatchD
                                                            og                 
                                                                               



ARM Macro Assembler    Page 3 


                                                                
   81 00000044 00000000        DCD              PVD_IRQHandler ; PVD through EX
                                                            TI Line detection  
                                                                               
                                                               
   82 00000048 00000000        DCD              TAMP_STAMP_IRQHandler ; Tamper 
                                                            and TimeStamps thro
                                                            ugh the EXTI line  
                                                                      
   83 0000004C 00000000        DCD              RTC_WKUP_IRQHandler ; RTC Wakeu
                                                            p through the EXTI 
                                                            line               
                                                                    
   84 00000050 00000000        DCD              FLASH_IRQHandler ; FLASH       
                                                                               
                                                                             
   85 00000054 00000000        DCD              RCC_IRQHandler ; RCC           
                                                                               
                                                                           
   86 00000058 00000000        DCD              EXTI0_IRQHandler ; EXTI Line0  
                                                                               
                                                                               
                                                                 
   87 0000005C 00000000        DCD              EXTI1_IRQHandler ; EXTI Line1  
                                                                               
                                                                               
                                                                 
   88 00000060 00000000        DCD              EXTI2_IRQHandler ; EXTI Line2  
                                                                               
                                                                               
                                                                 
   89 00000064 00000000        DCD              EXTI3_IRQHandler ; EXTI Line3  
                                                                               
                                                                               
                                                                 
   90 00000068 00000000        DCD              EXTI4_IRQHandler ; EXTI Line4  
                                                                               
                                                                               
                                                                 
   91 0000006C 00000000        DCD              DMA1_Stream0_IRQHandler ; DMA1 
                                                            Stream 0           
                                                                               
                                                                 
   92 00000070 00000000        DCD              DMA1_Stream1_IRQHandler ; DMA1 
                                                            Stream 1           
                                                                               
                                                                 
   93 00000074 00000000        DCD              DMA1_Stream2_IRQHandler ; DMA1 
                                                            Stream 2           
                                                                               
                                                                 
   94 00000078 00000000        DCD              DMA1_Stream3_IRQHandler ; DMA1 
                                                            Stream 3           
                                                                               
                                                                 
   95 0000007C 00000000        DCD              DMA1_Stream4_IRQHandler ; DMA1 
                                                            Stream 4           
                                                                               
                                                                 



ARM Macro Assembler    Page 4 


   96 00000080 00000000        DCD              DMA1_Stream5_IRQHandler ; DMA1 
                                                            Stream 5           
                                                                               
                                                                 
   97 00000084 00000000        DCD              DMA1_Stream6_IRQHandler ; DMA1 
                                                            Stream 6           
                                                                               
                                                                 
   98 00000088 00000000        DCD              ADC_IRQHandler ; ADC1, ADC2 and
                                                             ADC3s             
                                                                           
   99 0000008C 00000000        DCD              CAN1_TX_IRQHandler ; CAN1 TX   
                                                                               
                                                                               
                                                                   
  100 00000090 00000000        DCD              CAN1_RX0_IRQHandler ; CAN1 RX0 
                                                                               
                                                                               
                                                                    
  101 00000094 00000000        DCD              CAN1_RX1_IRQHandler ; CAN1 RX1 
                                                                               
                                                                               
                                                                    
  102 00000098 00000000        DCD              CAN1_SCE_IRQHandler ; CAN1 SCE 
                                                                               
                                                                               
                                                                    
  103 0000009C 00000000        DCD              EXTI9_5_IRQHandler ; External L
                                                            ine[9:5]s          
                                                                               
                                                                   
  104 000000A0 00000000        DCD              TIM1_BRK_TIM9_IRQHandler ; TIM1
                                                             Break and TIM9    
                                                                           
  105 000000A4 00000000        DCD              TIM1_UP_TIM10_IRQHandler ; TIM1
                                                             Update and TIM10  
                                                                           
  106 000000A8 00000000        DCD              TIM1_TRG_COM_TIM11_IRQHandler ;
                                                             TIM1 Trigger and C
                                                            ommutation and TIM1
                                                            1
  107 000000AC 00000000        DCD              TIM1_CC_IRQHandler ; TIM1 Captu
                                                            re Compare         
                                                                               
                                                                   
  108 000000B0 00000000        DCD              TIM2_IRQHandler ; TIM2         
                                                                               
                                                                            
  109 000000B4 00000000        DCD              TIM3_IRQHandler ; TIM3         
                                                                               
                                                                            
  110 000000B8 00000000        DCD              TIM4_IRQHandler ; TIM4         
                                                                               
                                                                            
  111 000000BC 00000000        DCD              I2C1_EV_IRQHandler ; I2C1 Event
                                                                               
                                                                               
                                                                   
  112 000000C0 00000000        DCD              I2C1_ER_IRQHandler ; I2C1 Error



ARM Macro Assembler    Page 5 


                                                                               
                                                                               
                                                                   
  113 000000C4 00000000        DCD              I2C2_EV_IRQHandler ; I2C2 Event
                                                                               
                                                                               
                                                                   
  114 000000C8 00000000        DCD              I2C2_ER_IRQHandler ; I2C2 Error
                                                                               
                                                                               
                                                                     
  115 000000CC 00000000        DCD              SPI1_IRQHandler ; SPI1         
                                                                               
                                                                            
  116 000000D0 00000000        DCD              SPI2_IRQHandler ; SPI2         
                                                                               
                                                                            
  117 000000D4 00000000        DCD              USART1_IRQHandler ; USART1     
                                                                               
                                                                              
  118 000000D8 00000000        DCD              USART2_IRQHandler ; USART2     
                                                                               
                                                                              
  119 000000DC 00000000        DCD              USART3_IRQHandler ; USART3     
                                                                               
                                                                              
  120 000000E0 00000000        DCD              EXTI15_10_IRQHandler ; External
                                                             Line[15:10]s      
                                                                               
                                                                     
  121 000000E4 00000000        DCD              RTC_Alarm_IRQHandler ; RTC Alar
                                                            m (A and B) through
                                                             EXTI Line         
                                                                     
  122 000000E8 00000000        DCD              OTG_FS_WKUP_IRQHandler ; USB OT
                                                            G FS Wakeup through
                                                             EXTI line         
                                                                           
  123 000000EC 00000000        DCD              TIM8_BRK_TIM12_IRQHandler ; TIM
                                                            8 Break and TIM12  
                                                                            
  124 000000F0 00000000        DCD              TIM8_UP_TIM13_IRQHandler ; TIM8
                                                             Update and TIM13  
                                                                           
  125 000000F4 00000000        DCD              TIM8_TRG_COM_TIM14_IRQHandler ;
                                                             TIM8 Trigger and C
                                                            ommutation and TIM1
                                                            4
  126 000000F8 00000000        DCD              TIM8_CC_IRQHandler ; TIM8 Captu
                                                            re Compare         
                                                                               
                                                                   
  127 000000FC 00000000        DCD              DMA1_Stream7_IRQHandler ; DMA1 
                                                            Stream7            
                                                                               
                                                                        
  128 00000100 00000000        DCD              FSMC_IRQHandler ; FSMC         
                                                                               
                                                                            



ARM Macro Assembler    Page 6 


  129 00000104 00000000        DCD              SDIO_IRQHandler ; SDIO         
                                                                               
                                                                            
  130 00000108 00000000        DCD              TIM5_IRQHandler ; TIM5         
                                                                               
                                                                            
  131 0000010C 00000000        DCD              SPI3_IRQHandler ; SPI3         
                                                                               
                                                                            
  132 00000110 00000000        DCD              UART4_IRQHandler ; UART4       
                                                                               
                                                                             
  133 00000114 00000000        DCD              UART5_IRQHandler ; UART5       
                                                                               
                                                                             
  134 00000118 00000000        DCD              TIM6_DAC_IRQHandler ; TIM6 and 
                                                            DAC1&2 underrun err
                                                            ors                
                                                               
  135 0000011C 00000000        DCD              TIM7_IRQHandler ; TIM7         
                                                                      
  136 00000120 00000000        DCD              DMA2_Stream0_IRQHandler ; DMA2 
                                                            Stream 0           
                                                                               
                                                                 
  137 00000124 00000000        DCD              DMA2_Stream1_IRQHandler ; DMA2 
                                                            Stream 1           
                                                                               
                                                                 
  138 00000128 00000000        DCD              DMA2_Stream2_IRQHandler ; DMA2 
                                                            Stream 2           
                                                                               
                                                                 
  139 0000012C 00000000        DCD              DMA2_Stream3_IRQHandler ; DMA2 
                                                            Stream 3           
                                                                               
                                                                 
  140 00000130 00000000        DCD              DMA2_Stream4_IRQHandler ; DMA2 
                                                            Stream 4           
                                                                               
                                                                 
  141 00000134 00000000        DCD              ETH_IRQHandler ; Ethernet      
                                                                               
                                                                           
  142 00000138 00000000        DCD              ETH_WKUP_IRQHandler ; Ethernet 
                                                            Wakeup through EXTI
                                                             line              
                                                                    
  143 0000013C 00000000        DCD              CAN2_TX_IRQHandler ; CAN2 TX   
                                                                               
                                                                               
                                                                   
  144 00000140 00000000        DCD              CAN2_RX0_IRQHandler ; CAN2 RX0 
                                                                               
                                                                               
                                                                    
  145 00000144 00000000        DCD              CAN2_RX1_IRQHandler ; CAN2 RX1 
                                                                               
                                                                               



ARM Macro Assembler    Page 7 


                                                                    
  146 00000148 00000000        DCD              CAN2_SCE_IRQHandler ; CAN2 SCE 
                                                                               
                                                                               
                                                                    
  147 0000014C 00000000        DCD              OTG_FS_IRQHandler ; USB OTG FS 
                                                                               
                                                                              
  148 00000150 00000000        DCD              DMA2_Stream5_IRQHandler ; DMA2 
                                                            Stream 5           
                                                                               
                                                                 
  149 00000154 00000000        DCD              DMA2_Stream6_IRQHandler ; DMA2 
                                                            Stream 6           
                                                                               
                                                                 
  150 00000158 00000000        DCD              DMA2_Stream7_IRQHandler ; DMA2 
                                                            Stream 7           
                                                                               
                                                                 
  151 0000015C 00000000        DCD              USART6_IRQHandler ; USART6     
                                                                               
                                                                               
                                                            
  152 00000160 00000000        DCD              I2C3_EV_IRQHandler ; I2C3 event
                                                                               
                                                                               
                                                                   
  153 00000164 00000000        DCD              I2C3_ER_IRQHandler ; I2C3 error
                                                                               
                                                                               
                                                                   
  154 00000168 00000000        DCD              OTG_HS_EP1_OUT_IRQHandler ; USB
                                                             OTG HS End Point 1
                                                             Out               
                                                                   
  155 0000016C 00000000        DCD              OTG_HS_EP1_IN_IRQHandler ; USB 
                                                            OTG HS End Point 1 
                                                            In                 
                                                                  
  156 00000170 00000000        DCD              OTG_HS_WKUP_IRQHandler ; USB OT
                                                            G HS Wakeup through
                                                             EXTI              
                                                                       
  157 00000174 00000000        DCD              OTG_HS_IRQHandler ; USB OTG HS 
                                                                               
                                                                              
  158 00000178 00000000        DCD              DCMI_IRQHandler ; DCMI         
                                                                               
                                                                            
  159 0000017C 00000000        DCD              CRYP_IRQHandler ; CRYP crypto  
                                                                               
                                                                            
  160 00000180 00000000        DCD              HASH_RNG_IRQHandler 
                                                            ; Hash and Rng
  161 00000184 00000000        DCD              FPU_IRQHandler ; FPU
  162 00000188         
  163 00000188         __Vectors_End
  164 00000188         



ARM Macro Assembler    Page 8 


  165 00000188 00000188 
                       __Vectors_Size
                               EQU              __Vectors_End - __Vectors
  166 00000188         
  167 00000188                 AREA             |.text|, CODE, READONLY
  168 00000000         
  169 00000000         ; Reset handler
  170 00000000         Reset_Handler
                               PROC
  171 00000000                 EXPORT           Reset_Handler             [WEAK
]
  172 00000000                 IMPORT           __main
  173 00000000                 IMPORT           SystemInit
  174 00000000 F8DF 0038       LDR.W            R0, =0xE000ED88
  175 00000004 6801            LDR              R1, [R0]    ; Read present FPU 
                                                            setting
  176 00000006 F441 0170       ORR              R1, #(0xF << 20) ; Set bits to 
                                                            enable FPU
  177 0000000A 6001            STR              R1, [R0]    ; Store result
  178 0000000C F3BF 8F4F       DSB                          ; Reset pipeline
  179 00000010 F3BF 8F6F       ISB
  180 00000014         
  181 00000014         
  182 00000014 480A            LDR              R0, =SystemInit
  183 00000016 4780            BLX              R0
  184 00000018         
  185 00000018 480A            LDR              R0, =__main
  186 0000001A 4700            BX               R0
  187 0000001C                 ENDP
  188 0000001C         
  189 0000001C         ; Dummy Exception Handlers (infinite loops which can be 
                       modified)
  190 0000001C         
  191 0000001C         NMI_Handler
                               PROC
  192 0000001C                 EXPORT           NMI_Handler                [WEA
K]
  193 0000001C E7FE            B                .
  194 0000001E                 ENDP
  196 0000001E         HardFault_Handler
                               PROC
  197 0000001E                 EXPORT           HardFault_Handler          [WEA
K]
  198 0000001E E7FE            B                .
  199 00000020                 ENDP
  201 00000020         MemManage_Handler
                               PROC
  202 00000020                 EXPORT           MemManage_Handler          [WEA
K]
  203 00000020 E7FE            B                .
  204 00000022                 ENDP
  206 00000022         BusFault_Handler
                               PROC
  207 00000022                 EXPORT           BusFault_Handler           [WEA
K]
  208 00000022 E7FE            B                .
  209 00000024                 ENDP
  211 00000024         UsageFault_Handler
                               PROC



ARM Macro Assembler    Page 9 


  212 00000024                 EXPORT           UsageFault_Handler         [WEA
K]
  213 00000024 E7FE            B                .
  214 00000026                 ENDP
  215 00000026         SVC_Handler
                               PROC
  216 00000026                 EXPORT           SVC_Handler                [WEA
K]
  217 00000026 E7FE            B                .
  218 00000028                 ENDP
  220 00000028         DebugMon_Handler
                               PROC
  221 00000028                 EXPORT           DebugMon_Handler           [WEA
K]
  222 00000028 E7FE            B                .
  223 0000002A                 ENDP
  224 0000002A         PendSV_Handler
                               PROC
  225 0000002A                 EXPORT           PendSV_Handler             [WEA
K]
  226 0000002A E7FE            B                .
  227 0000002C                 ENDP
  228 0000002C         SysTick_Handler
                               PROC
  229 0000002C                 EXPORT           SysTick_Handler            [WEA
K]
  230 0000002C E7FE            B                .
  231 0000002E                 ENDP
  232 0000002E         
  233 0000002E         Default_Handler
                               PROC
  234 0000002E         
  235 0000002E                 EXPORT           WWDG_IRQHandler                
   [WEAK]
  236 0000002E                 EXPORT           PVD_IRQHandler                 
   [WEAK]
  237 0000002E                 EXPORT           TAMP_STAMP_IRQHandler          
   [WEAK]
  238 0000002E                 EXPORT           RTC_WKUP_IRQHandler            
   [WEAK]
  239 0000002E                 EXPORT           FLASH_IRQHandler               
   [WEAK]
  240 0000002E                 EXPORT           RCC_IRQHandler                 
   [WEAK]
  241 0000002E                 EXPORT           EXTI0_IRQHandler               
   [WEAK]
  242 0000002E                 EXPORT           EXTI1_IRQHandler               
   [WEAK]
  243 0000002E                 EXPORT           EXTI2_IRQHandler               
   [WEAK]
  244 0000002E                 EXPORT           EXTI3_IRQHandler               
   [WEAK]
  245 0000002E                 EXPORT           EXTI4_IRQHandler               
   [WEAK]
  246 0000002E                 EXPORT           DMA1_Stream0_IRQHandler        
   [WEAK]
  247 0000002E                 EXPORT           DMA1_Stream1_IRQHandler        
   [WEAK]
  248 0000002E                 EXPORT           DMA1_Stream2_IRQHandler        



ARM Macro Assembler    Page 10 


   [WEAK]
  249 0000002E                 EXPORT           DMA1_Stream3_IRQHandler        
   [WEAK]
  250 0000002E                 EXPORT           DMA1_Stream4_IRQHandler        
   [WEAK]
  251 0000002E                 EXPORT           DMA1_Stream5_IRQHandler        
   [WEAK]
  252 0000002E                 EXPORT           DMA1_Stream6_IRQHandler        
   [WEAK]
  253 0000002E                 EXPORT           ADC_IRQHandler                 
   [WEAK]
  254 0000002E                 EXPORT           CAN1_TX_IRQHandler             
   [WEAK]
  255 0000002E                 EXPORT           CAN1_RX0_IRQHandler            
   [WEAK]
  256 0000002E                 EXPORT           CAN1_RX1_IRQHandler            
   [WEAK]
  257 0000002E                 EXPORT           CAN1_SCE_IRQHandler            
   [WEAK]
  258 0000002E                 EXPORT           EXTI9_5_IRQHandler             
   [WEAK]
  259 0000002E                 EXPORT           TIM1_BRK_TIM9_IRQHandler       
   [WEAK]
  260 0000002E                 EXPORT           TIM1_UP_TIM10_IRQHandler       
   [WEAK]
  261 0000002E                 EXPORT           TIM1_TRG_COM_TIM11_IRQHandler  
   [WEAK]
  262 0000002E                 EXPORT           TIM1_CC_IRQHandler             
   [WEAK]
  263 0000002E                 EXPORT           TIM2_IRQHandler                
   [WEAK]
  264 0000002E                 EXPORT           TIM3_IRQHandler                
   [WEAK]
  265 0000002E                 EXPORT           TIM4_IRQHandler                
   [WEAK]
  266 0000002E                 EXPORT           I2C1_EV_IRQHandler             
   [WEAK]
  267 0000002E                 EXPORT           I2C1_ER_IRQHandler             
   [WEAK]
  268 0000002E                 EXPORT           I2C2_EV_IRQHandler             
   [WEAK]
  269 0000002E                 EXPORT           I2C2_ER_IRQHandler             
   [WEAK]
  270 0000002E                 EXPORT           SPI1_IRQHandler                
   [WEAK]
  271 0000002E                 EXPORT           SPI2_IRQHandler                
   [WEAK]
  272 0000002E                 EXPORT           USART1_IRQHandler              
   [WEAK]
  273 0000002E                 EXPORT           USART2_IRQHandler              
   [WEAK]
  274 0000002E                 EXPORT           USART3_IRQHandler              
   [WEAK]
  275 0000002E                 EXPORT           EXTI15_10_IRQHandler           
   [WEAK]
  276 0000002E                 EXPORT           RTC_Alarm_IRQHandler           
   [WEAK]
  277 0000002E                 EXPORT           OTG_FS_WKUP_IRQHandler         
   [WEAK]



ARM Macro Assembler    Page 11 


  278 0000002E                 EXPORT           TIM8_BRK_TIM12_IRQHandler      
   [WEAK]
  279 0000002E                 EXPORT           TIM8_UP_TIM13_IRQHandler       
   [WEAK]
  280 0000002E                 EXPORT           TIM8_TRG_COM_TIM14_IRQHandler  
   [WEAK]
  281 0000002E                 EXPORT           TIM8_CC_IRQHandler             
   [WEAK]
  282 0000002E                 EXPORT           DMA1_Stream7_IRQHandler        
   [WEAK]
  283 0000002E                 EXPORT           FSMC_IRQHandler                
   [WEAK]
  284 0000002E                 EXPORT           SDIO_IRQHandler                
   [WEAK]
  285 0000002E                 EXPORT           TIM5_IRQHandler                
   [WEAK]
  286 0000002E                 EXPORT           SPI3_IRQHandler                
   [WEAK]
  287 0000002E                 EXPORT           UART4_IRQHandler               
   [WEAK]
  288 0000002E                 EXPORT           UART5_IRQHandler               
   [WEAK]
  289 0000002E                 EXPORT           TIM6_DAC_IRQHandler            
   [WEAK]
  290 0000002E                 EXPORT           TIM7_IRQHandler                
   [WEAK]
  291 0000002E                 EXPORT           DMA2_Stream0_IRQHandler        
   [WEAK]
  292 0000002E                 EXPORT           DMA2_Stream1_IRQHandler        
   [WEAK]
  293 0000002E                 EXPORT           DMA2_Stream2_IRQHandler        
   [WEAK]
  294 0000002E                 EXPORT           DMA2_Stream3_IRQHandler        
   [WEAK]
  295 0000002E                 EXPORT           DMA2_Stream4_IRQHandler        
   [WEAK]
  296 0000002E                 EXPORT           ETH_IRQHandler                 
   [WEAK]
  297 0000002E                 EXPORT           ETH_WKUP_IRQHandler            
   [WEAK]
  298 0000002E                 EXPORT           CAN2_TX_IRQHandler             
   [WEAK]
  299 0000002E                 EXPORT           CAN2_RX0_IRQHandler            
   [WEAK]
  300 0000002E                 EXPORT           CAN2_RX1_IRQHandler            
   [WEAK]
  301 0000002E                 EXPORT           CAN2_SCE_IRQHandler            
   [WEAK]
  302 0000002E                 EXPORT           OTG_FS_IRQHandler              
   [WEAK]
  303 0000002E                 EXPORT           DMA2_Stream5_IRQHandler        
   [WEAK]
  304 0000002E                 EXPORT           DMA2_Stream6_IRQHandler        
   [WEAK]
  305 0000002E                 EXPORT           DMA2_Stream7_IRQHandler        
   [WEAK]
  306 0000002E                 EXPORT           USART6_IRQHandler              
   [WEAK]
  307 0000002E                 EXPORT           I2C3_EV_IRQHandler             



ARM Macro Assembler    Page 12 


   [WEAK]
  308 0000002E                 EXPORT           I2C3_ER_IRQHandler             
   [WEAK]
  309 0000002E                 EXPORT           OTG_HS_EP1_OUT_IRQHandler      
   [WEAK]
  310 0000002E                 EXPORT           OTG_HS_EP1_IN_IRQHandler       
   [WEAK]
  311 0000002E                 EXPORT           OTG_HS_WKUP_IRQHandler         
   [WEAK]
  312 0000002E                 EXPORT           OTG_HS_IRQHandler              
   [WEAK]
  313 0000002E                 EXPORT           DCMI_IRQHandler                
   [WEAK]
  314 0000002E                 EXPORT           CRYP_IRQHandler                
   [WEAK]
  315 0000002E                 EXPORT           HASH_RNG_IRQHandler            
   [WEAK]
  316 0000002E                 EXPORT           FPU_IRQHandler                 
   [WEAK]
  317 0000002E         
  318 0000002E         WWDG_IRQHandler
  319 0000002E         PVD_IRQHandler
  320 0000002E         TAMP_STAMP_IRQHandler
  321 0000002E         RTC_WKUP_IRQHandler
  322 0000002E         FLASH_IRQHandler
  323 0000002E         RCC_IRQHandler
  324 0000002E         EXTI0_IRQHandler
  325 0000002E         EXTI1_IRQHandler
  326 0000002E         EXTI2_IRQHandler
  327 0000002E         EXTI3_IRQHandler
  328 0000002E         EXTI4_IRQHandler
  329 0000002E         DMA1_Stream0_IRQHandler
  330 0000002E         DMA1_Stream1_IRQHandler
  331 0000002E         DMA1_Stream2_IRQHandler
  332 0000002E         DMA1_Stream3_IRQHandler
  333 0000002E         DMA1_Stream4_IRQHandler
  334 0000002E         DMA1_Stream5_IRQHandler
  335 0000002E         DMA1_Stream6_IRQHandler
  336 0000002E         ADC_IRQHandler
  337 0000002E         CAN1_TX_IRQHandler
  338 0000002E         CAN1_RX0_IRQHandler
  339 0000002E         CAN1_RX1_IRQHandler
  340 0000002E         CAN1_SCE_IRQHandler
  341 0000002E         EXTI9_5_IRQHandler
  342 0000002E         TIM1_BRK_TIM9_IRQHandler
  343 0000002E         TIM1_UP_TIM10_IRQHandler
  344 0000002E         TIM1_TRG_COM_TIM11_IRQHandler
  345 0000002E         TIM1_CC_IRQHandler
  346 0000002E         TIM2_IRQHandler
  347 0000002E         TIM3_IRQHandler
  348 0000002E         TIM4_IRQHandler
  349 0000002E         I2C1_EV_IRQHandler
  350 0000002E         I2C1_ER_IRQHandler
  351 0000002E         I2C2_EV_IRQHandler
  352 0000002E         I2C2_ER_IRQHandler
  353 0000002E         SPI1_IRQHandler
  354 0000002E         SPI2_IRQHandler
  355 0000002E         USART1_IRQHandler
  356 0000002E         USART2_IRQHandler



ARM Macro Assembler    Page 13 


  357 0000002E         USART3_IRQHandler
  358 0000002E         EXTI15_10_IRQHandler
  359 0000002E         RTC_Alarm_IRQHandler
  360 0000002E         OTG_FS_WKUP_IRQHandler
  361 0000002E         TIM8_BRK_TIM12_IRQHandler
  362 0000002E         TIM8_UP_TIM13_IRQHandler
  363 0000002E         TIM8_TRG_COM_TIM14_IRQHandler
  364 0000002E         TIM8_CC_IRQHandler
  365 0000002E         DMA1_Stream7_IRQHandler
  366 0000002E         FSMC_IRQHandler
  367 0000002E         SDIO_IRQHandler
  368 0000002E         TIM5_IRQHandler
  369 0000002E         SPI3_IRQHandler
  370 0000002E         UART4_IRQHandler
  371 0000002E         UART5_IRQHandler
  372 0000002E         TIM6_DAC_IRQHandler
  373 0000002E         TIM7_IRQHandler
  374 0000002E         DMA2_Stream0_IRQHandler
  375 0000002E         DMA2_Stream1_IRQHandler
  376 0000002E         DMA2_Stream2_IRQHandler
  377 0000002E         DMA2_Stream3_IRQHandler
  378 0000002E         DMA2_Stream4_IRQHandler
  379 0000002E         ETH_IRQHandler
  380 0000002E         ETH_WKUP_IRQHandler
  381 0000002E         CAN2_TX_IRQHandler
  382 0000002E         CAN2_RX0_IRQHandler
  383 0000002E         CAN2_RX1_IRQHandler
  384 0000002E         CAN2_SCE_IRQHandler
  385 0000002E         OTG_FS_IRQHandler
  386 0000002E         DMA2_Stream5_IRQHandler
  387 0000002E         DMA2_Stream6_IRQHandler
  388 0000002E         DMA2_Stream7_IRQHandler
  389 0000002E         USART6_IRQHandler
  390 0000002E         I2C3_EV_IRQHandler
  391 0000002E         I2C3_ER_IRQHandler
  392 0000002E         OTG_HS_EP1_OUT_IRQHandler
  393 0000002E         OTG_HS_EP1_IN_IRQHandler
  394 0000002E         OTG_HS_WKUP_IRQHandler
  395 0000002E         OTG_HS_IRQHandler
  396 0000002E         DCMI_IRQHandler
  397 0000002E         CRYP_IRQHandler
  398 0000002E         HASH_RNG_IRQHandler
  399 0000002E         FPU_IRQHandler
  400 0000002E         
  401 0000002E E7FE            B                .
  402 00000030         
  403 00000030                 ENDP
  404 00000030         
  405 00000030                 ALIGN
  406 00000030         
  407 00000030         ;*******************************************************
                       ************************
  408 00000030         ; User Stack and Heap initialization
  409 00000030         ;*******************************************************
                       ************************
  410 00000030                 IF               :DEF:__MICROLIB
  417 00000030         
  418 00000030                 IMPORT           __use_two_region_memory
  419 00000030                 EXPORT           __user_initial_stackheap



ARM Macro Assembler    Page 14 


  420 00000030         
  421 00000030         __user_initial_stackheap
  422 00000030         
  423 00000030 4805            LDR              R0, =  Heap_Mem
  424 00000032 4906            LDR              R1, =(Stack_Mem + Stack_Size)
  425 00000034 4A06            LDR              R2, = (Heap_Mem +  Heap_Size)
  426 00000036 4B07            LDR              R3, = Stack_Mem
  427 00000038 4770            BX               LR
  428 0000003A         
  429 0000003A 00 00           ALIGN
  430 0000003C         
  431 0000003C                 ENDIF
  432 0000003C         
  433 0000003C                 END
              E000ED88 
              00000000 
              00000000 
              00000000 
              00000400 
              00000200 
              00000000 
Command Line: --debug --xref --cpu=Cortex-M4.fp --apcs=interwork --depend=.\obj
\startup_stm32f4xx.d -o.\obj\startup_stm32f4xx.o -IC:\Keil\ARM\RV31\INC -IC:\Ke
il\ARM\CMSIS\Include -IC:\Keil\ARM\Inc\ST\STM32F4xx --list=.\lst\startup_stm32f
4xx.lst src\startup_stm32f4xx.s



ARM Macro Assembler    Page 1 Alphabetic symbol ordering
Relocatable symbols

STACK 00000000

Symbol: STACK
   Definitions
      At line 36 in file src\startup_stm32f4xx.s
   Uses
      None
Comment: STACK unused
Stack_Mem 00000000

Symbol: Stack_Mem
   Definitions
      At line 37 in file src\startup_stm32f4xx.s
   Uses
      At line 424 in file src\startup_stm32f4xx.s
      At line 426 in file src\startup_stm32f4xx.s

__initial_sp 00000400

Symbol: __initial_sp
   Definitions
      At line 38 in file src\startup_stm32f4xx.s
   Uses
      At line 62 in file src\startup_stm32f4xx.s
Comment: __initial_sp used once
3 symbols



ARM Macro Assembler    Page 1 Alphabetic symbol ordering
Relocatable symbols

HEAP 00000000

Symbol: HEAP
   Definitions
      At line 47 in file src\startup_stm32f4xx.s
   Uses
      None
Comment: HEAP unused
Heap_Mem 00000000

Symbol: Heap_Mem
   Definitions
      At line 49 in file src\startup_stm32f4xx.s
   Uses
      At line 423 in file src\startup_stm32f4xx.s
      At line 425 in file src\startup_stm32f4xx.s

__heap_base 00000000

Symbol: __heap_base
   Definitions
      At line 48 in file src\startup_stm32f4xx.s
   Uses
      None
Comment: __heap_base unused
__heap_limit 00000200

Symbol: __heap_limit
   Definitions
      At line 50 in file src\startup_stm32f4xx.s
   Uses
      None
Comment: __heap_limit unused
4 symbols



ARM Macro Assembler    Page 1 Alphabetic symbol ordering
Relocatable symbols

RESET 00000000

Symbol: RESET
   Definitions
      At line 57 in file src\startup_stm32f4xx.s
   Uses
      None
Comment: RESET unused
__Vectors 00000000

Symbol: __Vectors
   Definitions
      At line 62 in file src\startup_stm32f4xx.s
   Uses
      At line 58 in file src\startup_stm32f4xx.s
      At line 165 in file src\startup_stm32f4xx.s

__Vectors_End 00000188

Symbol: __Vectors_End
   Definitions
      At line 163 in file src\startup_stm32f4xx.s
   Uses
      At line 59 in file src\startup_stm32f4xx.s
      At line 165 in file src\startup_stm32f4xx.s

3 symbols



ARM Macro Assembler    Page 1 Alphabetic symbol ordering
Relocatable symbols

.text 00000000

Symbol: .text
   Definitions
      At line 167 in file src\startup_stm32f4xx.s
   Uses
      None
Comment: .text unused
ADC_IRQHandler 0000002E

Symbol: ADC_IRQHandler
   Definitions
      At line 336 in file src\startup_stm32f4xx.s
   Uses
      At line 98 in file src\startup_stm32f4xx.s
      At line 253 in file src\startup_stm32f4xx.s

BusFault_Handler 00000022

Symbol: BusFault_Handler
   Definitions
      At line 206 in file src\startup_stm32f4xx.s
   Uses
      At line 67 in file src\startup_stm32f4xx.s
      At line 207 in file src\startup_stm32f4xx.s

CAN1_RX0_IRQHandler 0000002E

Symbol: CAN1_RX0_IRQHandler
   Definitions
      At line 338 in file src\startup_stm32f4xx.s
   Uses
      At line 100 in file src\startup_stm32f4xx.s
      At line 255 in file src\startup_stm32f4xx.s

CAN1_RX1_IRQHandler 0000002E

Symbol: CAN1_RX1_IRQHandler
   Definitions
      At line 339 in file src\startup_stm32f4xx.s
   Uses
      At line 101 in file src\startup_stm32f4xx.s
      At line 256 in file src\startup_stm32f4xx.s

CAN1_SCE_IRQHandler 0000002E

Symbol: CAN1_SCE_IRQHandler
   Definitions
      At line 340 in file src\startup_stm32f4xx.s
   Uses
      At line 102 in file src\startup_stm32f4xx.s
      At line 257 in file src\startup_stm32f4xx.s

CAN1_TX_IRQHandler 0000002E

Symbol: CAN1_TX_IRQHandler
   Definitions
      At line 337 in file src\startup_stm32f4xx.s
   Uses



ARM Macro Assembler    Page 2 Alphabetic symbol ordering
Relocatable symbols

      At line 99 in file src\startup_stm32f4xx.s
      At line 254 in file src\startup_stm32f4xx.s

CAN2_RX0_IRQHandler 0000002E

Symbol: CAN2_RX0_IRQHandler
   Definitions
      At line 382 in file src\startup_stm32f4xx.s
   Uses
      At line 144 in file src\startup_stm32f4xx.s
      At line 299 in file src\startup_stm32f4xx.s

CAN2_RX1_IRQHandler 0000002E

Symbol: CAN2_RX1_IRQHandler
   Definitions
      At line 383 in file src\startup_stm32f4xx.s
   Uses
      At line 145 in file src\startup_stm32f4xx.s
      At line 300 in file src\startup_stm32f4xx.s

CAN2_SCE_IRQHandler 0000002E

Symbol: CAN2_SCE_IRQHandler
   Definitions
      At line 384 in file src\startup_stm32f4xx.s
   Uses
      At line 146 in file src\startup_stm32f4xx.s
      At line 301 in file src\startup_stm32f4xx.s

CAN2_TX_IRQHandler 0000002E

Symbol: CAN2_TX_IRQHandler
   Definitions
      At line 381 in file src\startup_stm32f4xx.s
   Uses
      At line 143 in file src\startup_stm32f4xx.s
      At line 298 in file src\startup_stm32f4xx.s

CRYP_IRQHandler 0000002E

Symbol: CRYP_IRQHandler
   Definitions
      At line 397 in file src\startup_stm32f4xx.s
   Uses
      At line 159 in file src\startup_stm32f4xx.s
      At line 314 in file src\startup_stm32f4xx.s

DCMI_IRQHandler 0000002E

Symbol: DCMI_IRQHandler
   Definitions
      At line 396 in file src\startup_stm32f4xx.s
   Uses
      At line 158 in file src\startup_stm32f4xx.s
      At line 313 in file src\startup_stm32f4xx.s

DMA1_Stream0_IRQHandler 0000002E




ARM Macro Assembler    Page 3 Alphabetic symbol ordering
Relocatable symbols

Symbol: DMA1_Stream0_IRQHandler
   Definitions
      At line 329 in file src\startup_stm32f4xx.s
   Uses
      At line 91 in file src\startup_stm32f4xx.s
      At line 246 in file src\startup_stm32f4xx.s

DMA1_Stream1_IRQHandler 0000002E

Symbol: DMA1_Stream1_IRQHandler
   Definitions
      At line 330 in file src\startup_stm32f4xx.s
   Uses
      At line 92 in file src\startup_stm32f4xx.s
      At line 247 in file src\startup_stm32f4xx.s

DMA1_Stream2_IRQHandler 0000002E

Symbol: DMA1_Stream2_IRQHandler
   Definitions
      At line 331 in file src\startup_stm32f4xx.s
   Uses
      At line 93 in file src\startup_stm32f4xx.s
      At line 248 in file src\startup_stm32f4xx.s

DMA1_Stream3_IRQHandler 0000002E

Symbol: DMA1_Stream3_IRQHandler
   Definitions
      At line 332 in file src\startup_stm32f4xx.s
   Uses
      At line 94 in file src\startup_stm32f4xx.s
      At line 249 in file src\startup_stm32f4xx.s

DMA1_Stream4_IRQHandler 0000002E

Symbol: DMA1_Stream4_IRQHandler
   Definitions
      At line 333 in file src\startup_stm32f4xx.s
   Uses
      At line 95 in file src\startup_stm32f4xx.s
      At line 250 in file src\startup_stm32f4xx.s

DMA1_Stream5_IRQHandler 0000002E

Symbol: DMA1_Stream5_IRQHandler
   Definitions
      At line 334 in file src\startup_stm32f4xx.s
   Uses
      At line 96 in file src\startup_stm32f4xx.s
      At line 251 in file src\startup_stm32f4xx.s

DMA1_Stream6_IRQHandler 0000002E

Symbol: DMA1_Stream6_IRQHandler
   Definitions
      At line 335 in file src\startup_stm32f4xx.s
   Uses
      At line 97 in file src\startup_stm32f4xx.s



ARM Macro Assembler    Page 4 Alphabetic symbol ordering
Relocatable symbols

      At line 252 in file src\startup_stm32f4xx.s

DMA1_Stream7_IRQHandler 0000002E

Symbol: DMA1_Stream7_IRQHandler
   Definitions
      At line 365 in file src\startup_stm32f4xx.s
   Uses
      At line 127 in file src\startup_stm32f4xx.s
      At line 282 in file src\startup_stm32f4xx.s

DMA2_Stream0_IRQHandler 0000002E

Symbol: DMA2_Stream0_IRQHandler
   Definitions
      At line 374 in file src\startup_stm32f4xx.s
   Uses
      At line 136 in file src\startup_stm32f4xx.s
      At line 291 in file src\startup_stm32f4xx.s

DMA2_Stream1_IRQHandler 0000002E

Symbol: DMA2_Stream1_IRQHandler
   Definitions
      At line 375 in file src\startup_stm32f4xx.s
   Uses
      At line 137 in file src\startup_stm32f4xx.s
      At line 292 in file src\startup_stm32f4xx.s

DMA2_Stream2_IRQHandler 0000002E

Symbol: DMA2_Stream2_IRQHandler
   Definitions
      At line 376 in file src\startup_stm32f4xx.s
   Uses
      At line 138 in file src\startup_stm32f4xx.s
      At line 293 in file src\startup_stm32f4xx.s

DMA2_Stream3_IRQHandler 0000002E

Symbol: DMA2_Stream3_IRQHandler
   Definitions
      At line 377 in file src\startup_stm32f4xx.s
   Uses
      At line 139 in file src\startup_stm32f4xx.s
      At line 294 in file src\startup_stm32f4xx.s

DMA2_Stream4_IRQHandler 0000002E

Symbol: DMA2_Stream4_IRQHandler
   Definitions
      At line 378 in file src\startup_stm32f4xx.s
   Uses
      At line 140 in file src\startup_stm32f4xx.s
      At line 295 in file src\startup_stm32f4xx.s

DMA2_Stream5_IRQHandler 0000002E

Symbol: DMA2_Stream5_IRQHandler



ARM Macro Assembler    Page 5 Alphabetic symbol ordering
Relocatable symbols

   Definitions
      At line 386 in file src\startup_stm32f4xx.s
   Uses
      At line 148 in file src\startup_stm32f4xx.s
      At line 303 in file src\startup_stm32f4xx.s

DMA2_Stream6_IRQHandler 0000002E

Symbol: DMA2_Stream6_IRQHandler
   Definitions
      At line 387 in file src\startup_stm32f4xx.s
   Uses
      At line 149 in file src\startup_stm32f4xx.s
      At line 304 in file src\startup_stm32f4xx.s

DMA2_Stream7_IRQHandler 0000002E

Symbol: DMA2_Stream7_IRQHandler
   Definitions
      At line 388 in file src\startup_stm32f4xx.s
   Uses
      At line 150 in file src\startup_stm32f4xx.s
      At line 305 in file src\startup_stm32f4xx.s

DebugMon_Handler 00000028

Symbol: DebugMon_Handler
   Definitions
      At line 220 in file src\startup_stm32f4xx.s
   Uses
      At line 74 in file src\startup_stm32f4xx.s
      At line 221 in file src\startup_stm32f4xx.s

Default_Handler 0000002E

Symbol: Default_Handler
   Definitions
      At line 233 in file src\startup_stm32f4xx.s
   Uses
      None
Comment: Default_Handler unused
ETH_IRQHandler 0000002E

Symbol: ETH_IRQHandler
   Definitions
      At line 379 in file src\startup_stm32f4xx.s
   Uses
      At line 141 in file src\startup_stm32f4xx.s
      At line 296 in file src\startup_stm32f4xx.s

ETH_WKUP_IRQHandler 0000002E

Symbol: ETH_WKUP_IRQHandler
   Definitions
      At line 380 in file src\startup_stm32f4xx.s
   Uses
      At line 142 in file src\startup_stm32f4xx.s
      At line 297 in file src\startup_stm32f4xx.s




ARM Macro Assembler    Page 6 Alphabetic symbol ordering
Relocatable symbols

EXTI0_IRQHandler 0000002E

Symbol: EXTI0_IRQHandler
   Definitions
      At line 324 in file src\startup_stm32f4xx.s
   Uses
      At line 86 in file src\startup_stm32f4xx.s
      At line 241 in file src\startup_stm32f4xx.s

EXTI15_10_IRQHandler 0000002E

Symbol: EXTI15_10_IRQHandler
   Definitions
      At line 358 in file src\startup_stm32f4xx.s
   Uses
      At line 120 in file src\startup_stm32f4xx.s
      At line 275 in file src\startup_stm32f4xx.s

EXTI1_IRQHandler 0000002E

Symbol: EXTI1_IRQHandler
   Definitions
      At line 325 in file src\startup_stm32f4xx.s
   Uses
      At line 87 in file src\startup_stm32f4xx.s
      At line 242 in file src\startup_stm32f4xx.s

EXTI2_IRQHandler 0000002E

Symbol: EXTI2_IRQHandler
   Definitions
      At line 326 in file src\startup_stm32f4xx.s
   Uses
      At line 88 in file src\startup_stm32f4xx.s
      At line 243 in file src\startup_stm32f4xx.s

EXTI3_IRQHandler 0000002E

Symbol: EXTI3_IRQHandler
   Definitions
      At line 327 in file src\startup_stm32f4xx.s
   Uses
      At line 89 in file src\startup_stm32f4xx.s
      At line 244 in file src\startup_stm32f4xx.s

EXTI4_IRQHandler 0000002E

Symbol: EXTI4_IRQHandler
   Definitions
      At line 328 in file src\startup_stm32f4xx.s
   Uses
      At line 90 in file src\startup_stm32f4xx.s
      At line 245 in file src\startup_stm32f4xx.s

EXTI9_5_IRQHandler 0000002E

Symbol: EXTI9_5_IRQHandler
   Definitions
      At line 341 in file src\startup_stm32f4xx.s



ARM Macro Assembler    Page 7 Alphabetic symbol ordering
Relocatable symbols

   Uses
      At line 103 in file src\startup_stm32f4xx.s
      At line 258 in file src\startup_stm32f4xx.s

FLASH_IRQHandler 0000002E

Symbol: FLASH_IRQHandler
   Definitions
      At line 322 in file src\startup_stm32f4xx.s
   Uses
      At line 84 in file src\startup_stm32f4xx.s
      At line 239 in file src\startup_stm32f4xx.s

FPU_IRQHandler 0000002E

Symbol: FPU_IRQHandler
   Definitions
      At line 399 in file src\startup_stm32f4xx.s
   Uses
      At line 161 in file src\startup_stm32f4xx.s
      At line 316 in file src\startup_stm32f4xx.s

FSMC_IRQHandler 0000002E

Symbol: FSMC_IRQHandler
   Definitions
      At line 366 in file src\startup_stm32f4xx.s
   Uses
      At line 128 in file src\startup_stm32f4xx.s
      At line 283 in file src\startup_stm32f4xx.s

HASH_RNG_IRQHandler 0000002E

Symbol: HASH_RNG_IRQHandler
   Definitions
      At line 398 in file src\startup_stm32f4xx.s
   Uses
      At line 160 in file src\startup_stm32f4xx.s
      At line 315 in file src\startup_stm32f4xx.s

HardFault_Handler 0000001E

Symbol: HardFault_Handler
   Definitions
      At line 196 in file src\startup_stm32f4xx.s
   Uses
      At line 65 in file src\startup_stm32f4xx.s
      At line 197 in file src\startup_stm32f4xx.s

I2C1_ER_IRQHandler 0000002E

Symbol: I2C1_ER_IRQHandler
   Definitions
      At line 350 in file src\startup_stm32f4xx.s
   Uses
      At line 112 in file src\startup_stm32f4xx.s
      At line 267 in file src\startup_stm32f4xx.s

I2C1_EV_IRQHandler 0000002E



ARM Macro Assembler    Page 8 Alphabetic symbol ordering
Relocatable symbols


Symbol: I2C1_EV_IRQHandler
   Definitions
      At line 349 in file src\startup_stm32f4xx.s
   Uses
      At line 111 in file src\startup_stm32f4xx.s
      At line 266 in file src\startup_stm32f4xx.s

I2C2_ER_IRQHandler 0000002E

Symbol: I2C2_ER_IRQHandler
   Definitions
      At line 352 in file src\startup_stm32f4xx.s
   Uses
      At line 114 in file src\startup_stm32f4xx.s
      At line 269 in file src\startup_stm32f4xx.s

I2C2_EV_IRQHandler 0000002E

Symbol: I2C2_EV_IRQHandler
   Definitions
      At line 351 in file src\startup_stm32f4xx.s
   Uses
      At line 113 in file src\startup_stm32f4xx.s
      At line 268 in file src\startup_stm32f4xx.s

I2C3_ER_IRQHandler 0000002E

Symbol: I2C3_ER_IRQHandler
   Definitions
      At line 391 in file src\startup_stm32f4xx.s
   Uses
      At line 153 in file src\startup_stm32f4xx.s
      At line 308 in file src\startup_stm32f4xx.s

I2C3_EV_IRQHandler 0000002E

Symbol: I2C3_EV_IRQHandler
   Definitions
      At line 390 in file src\startup_stm32f4xx.s
   Uses
      At line 152 in file src\startup_stm32f4xx.s
      At line 307 in file src\startup_stm32f4xx.s

MemManage_Handler 00000020

Symbol: MemManage_Handler
   Definitions
      At line 201 in file src\startup_stm32f4xx.s
   Uses
      At line 66 in file src\startup_stm32f4xx.s
      At line 202 in file src\startup_stm32f4xx.s

NMI_Handler 0000001C

Symbol: NMI_Handler
   Definitions
      At line 191 in file src\startup_stm32f4xx.s
   Uses



ARM Macro Assembler    Page 9 Alphabetic symbol ordering
Relocatable symbols

      At line 64 in file src\startup_stm32f4xx.s
      At line 192 in file src\startup_stm32f4xx.s

OTG_FS_IRQHandler 0000002E

Symbol: OTG_FS_IRQHandler
   Definitions
      At line 385 in file src\startup_stm32f4xx.s
   Uses
      At line 147 in file src\startup_stm32f4xx.s
      At line 302 in file src\startup_stm32f4xx.s

OTG_FS_WKUP_IRQHandler 0000002E

Symbol: OTG_FS_WKUP_IRQHandler
   Definitions
      At line 360 in file src\startup_stm32f4xx.s
   Uses
      At line 122 in file src\startup_stm32f4xx.s
      At line 277 in file src\startup_stm32f4xx.s

OTG_HS_EP1_IN_IRQHandler 0000002E

Symbol: OTG_HS_EP1_IN_IRQHandler
   Definitions
      At line 393 in file src\startup_stm32f4xx.s
   Uses
      At line 155 in file src\startup_stm32f4xx.s
      At line 310 in file src\startup_stm32f4xx.s

OTG_HS_EP1_OUT_IRQHandler 0000002E

Symbol: OTG_HS_EP1_OUT_IRQHandler
   Definitions
      At line 392 in file src\startup_stm32f4xx.s
   Uses
      At line 154 in file src\startup_stm32f4xx.s
      At line 309 in file src\startup_stm32f4xx.s

OTG_HS_IRQHandler 0000002E

Symbol: OTG_HS_IRQHandler
   Definitions
      At line 395 in file src\startup_stm32f4xx.s
   Uses
      At line 157 in file src\startup_stm32f4xx.s
      At line 312 in file src\startup_stm32f4xx.s

OTG_HS_WKUP_IRQHandler 0000002E

Symbol: OTG_HS_WKUP_IRQHandler
   Definitions
      At line 394 in file src\startup_stm32f4xx.s
   Uses
      At line 156 in file src\startup_stm32f4xx.s
      At line 311 in file src\startup_stm32f4xx.s

PVD_IRQHandler 0000002E




ARM Macro Assembler    Page 10 Alphabetic symbol ordering
Relocatable symbols

Symbol: PVD_IRQHandler
   Definitions
      At line 319 in file src\startup_stm32f4xx.s
   Uses
      At line 81 in file src\startup_stm32f4xx.s
      At line 236 in file src\startup_stm32f4xx.s

PendSV_Handler 0000002A

Symbol: PendSV_Handler
   Definitions
      At line 224 in file src\startup_stm32f4xx.s
   Uses
      At line 76 in file src\startup_stm32f4xx.s
      At line 225 in file src\startup_stm32f4xx.s

RCC_IRQHandler 0000002E

Symbol: RCC_IRQHandler
   Definitions
      At line 323 in file src\startup_stm32f4xx.s
   Uses
      At line 85 in file src\startup_stm32f4xx.s
      At line 240 in file src\startup_stm32f4xx.s

RTC_Alarm_IRQHandler 0000002E

Symbol: RTC_Alarm_IRQHandler
   Definitions
      At line 359 in file src\startup_stm32f4xx.s
   Uses
      At line 121 in file src\startup_stm32f4xx.s
      At line 276 in file src\startup_stm32f4xx.s

RTC_WKUP_IRQHandler 0000002E

Symbol: RTC_WKUP_IRQHandler
   Definitions
      At line 321 in file src\startup_stm32f4xx.s
   Uses
      At line 83 in file src\startup_stm32f4xx.s
      At line 238 in file src\startup_stm32f4xx.s

Reset_Handler 00000000

Symbol: Reset_Handler
   Definitions
      At line 170 in file src\startup_stm32f4xx.s
   Uses
      At line 63 in file src\startup_stm32f4xx.s
      At line 171 in file src\startup_stm32f4xx.s

SDIO_IRQHandler 0000002E

Symbol: SDIO_IRQHandler
   Definitions
      At line 367 in file src\startup_stm32f4xx.s
   Uses
      At line 129 in file src\startup_stm32f4xx.s



ARM Macro Assembler    Page 11 Alphabetic symbol ordering
Relocatable symbols

      At line 284 in file src\startup_stm32f4xx.s

SPI1_IRQHandler 0000002E

Symbol: SPI1_IRQHandler
   Definitions
      At line 353 in file src\startup_stm32f4xx.s
   Uses
      At line 115 in file src\startup_stm32f4xx.s
      At line 270 in file src\startup_stm32f4xx.s

SPI2_IRQHandler 0000002E

Symbol: SPI2_IRQHandler
   Definitions
      At line 354 in file src\startup_stm32f4xx.s
   Uses
      At line 116 in file src\startup_stm32f4xx.s
      At line 271 in file src\startup_stm32f4xx.s

SPI3_IRQHandler 0000002E

Symbol: SPI3_IRQHandler
   Definitions
      At line 369 in file src\startup_stm32f4xx.s
   Uses
      At line 131 in file src\startup_stm32f4xx.s
      At line 286 in file src\startup_stm32f4xx.s

SVC_Handler 00000026

Symbol: SVC_Handler
   Definitions
      At line 215 in file src\startup_stm32f4xx.s
   Uses
      At line 73 in file src\startup_stm32f4xx.s
      At line 216 in file src\startup_stm32f4xx.s

SysTick_Handler 0000002C

Symbol: SysTick_Handler
   Definitions
      At line 228 in file src\startup_stm32f4xx.s
   Uses
      At line 77 in file src\startup_stm32f4xx.s
      At line 229 in file src\startup_stm32f4xx.s

TAMP_STAMP_IRQHandler 0000002E

Symbol: TAMP_STAMP_IRQHandler
   Definitions
      At line 320 in file src\startup_stm32f4xx.s
   Uses
      At line 82 in file src\startup_stm32f4xx.s
      At line 237 in file src\startup_stm32f4xx.s

TIM1_BRK_TIM9_IRQHandler 0000002E

Symbol: TIM1_BRK_TIM9_IRQHandler



ARM Macro Assembler    Page 12 Alphabetic symbol ordering
Relocatable symbols

   Definitions
      At line 342 in file src\startup_stm32f4xx.s
   Uses
      At line 104 in file src\startup_stm32f4xx.s
      At line 259 in file src\startup_stm32f4xx.s

TIM1_CC_IRQHandler 0000002E

Symbol: TIM1_CC_IRQHandler
   Definitions
      At line 345 in file src\startup_stm32f4xx.s
   Uses
      At line 107 in file src\startup_stm32f4xx.s
      At line 262 in file src\startup_stm32f4xx.s

TIM1_TRG_COM_TIM11_IRQHandler 0000002E

Symbol: TIM1_TRG_COM_TIM11_IRQHandler
   Definitions
      At line 344 in file src\startup_stm32f4xx.s
   Uses
      At line 106 in file src\startup_stm32f4xx.s
      At line 261 in file src\startup_stm32f4xx.s

TIM1_UP_TIM10_IRQHandler 0000002E

Symbol: TIM1_UP_TIM10_IRQHandler
   Definitions
      At line 343 in file src\startup_stm32f4xx.s
   Uses
      At line 105 in file src\startup_stm32f4xx.s
      At line 260 in file src\startup_stm32f4xx.s

TIM2_IRQHandler 0000002E

Symbol: TIM2_IRQHandler
   Definitions
      At line 346 in file src\startup_stm32f4xx.s
   Uses
      At line 108 in file src\startup_stm32f4xx.s
      At line 263 in file src\startup_stm32f4xx.s

TIM3_IRQHandler 0000002E

Symbol: TIM3_IRQHandler
   Definitions
      At line 347 in file src\startup_stm32f4xx.s
   Uses
      At line 109 in file src\startup_stm32f4xx.s
      At line 264 in file src\startup_stm32f4xx.s

TIM4_IRQHandler 0000002E

Symbol: TIM4_IRQHandler
   Definitions
      At line 348 in file src\startup_stm32f4xx.s
   Uses
      At line 110 in file src\startup_stm32f4xx.s
      At line 265 in file src\startup_stm32f4xx.s



ARM Macro Assembler    Page 13 Alphabetic symbol ordering
Relocatable symbols


TIM5_IRQHandler 0000002E

Symbol: TIM5_IRQHandler
   Definitions
      At line 368 in file src\startup_stm32f4xx.s
   Uses
      At line 130 in file src\startup_stm32f4xx.s
      At line 285 in file src\startup_stm32f4xx.s

TIM6_DAC_IRQHandler 0000002E

Symbol: TIM6_DAC_IRQHandler
   Definitions
      At line 372 in file src\startup_stm32f4xx.s
   Uses
      At line 134 in file src\startup_stm32f4xx.s
      At line 289 in file src\startup_stm32f4xx.s

TIM7_IRQHandler 0000002E

Symbol: TIM7_IRQHandler
   Definitions
      At line 373 in file src\startup_stm32f4xx.s
   Uses
      At line 135 in file src\startup_stm32f4xx.s
      At line 290 in file src\startup_stm32f4xx.s

TIM8_BRK_TIM12_IRQHandler 0000002E

Symbol: TIM8_BRK_TIM12_IRQHandler
   Definitions
      At line 361 in file src\startup_stm32f4xx.s
   Uses
      At line 123 in file src\startup_stm32f4xx.s
      At line 278 in file src\startup_stm32f4xx.s

TIM8_CC_IRQHandler 0000002E

Symbol: TIM8_CC_IRQHandler
   Definitions
      At line 364 in file src\startup_stm32f4xx.s
   Uses
      At line 126 in file src\startup_stm32f4xx.s
      At line 281 in file src\startup_stm32f4xx.s

TIM8_TRG_COM_TIM14_IRQHandler 0000002E

Symbol: TIM8_TRG_COM_TIM14_IRQHandler
   Definitions
      At line 363 in file src\startup_stm32f4xx.s
   Uses
      At line 125 in file src\startup_stm32f4xx.s
      At line 280 in file src\startup_stm32f4xx.s

TIM8_UP_TIM13_IRQHandler 0000002E

Symbol: TIM8_UP_TIM13_IRQHandler
   Definitions



ARM Macro Assembler    Page 14 Alphabetic symbol ordering
Relocatable symbols

      At line 362 in file src\startup_stm32f4xx.s
   Uses
      At line 124 in file src\startup_stm32f4xx.s
      At line 279 in file src\startup_stm32f4xx.s

UART4_IRQHandler 0000002E

Symbol: UART4_IRQHandler
   Definitions
      At line 370 in file src\startup_stm32f4xx.s
   Uses
      At line 132 in file src\startup_stm32f4xx.s
      At line 287 in file src\startup_stm32f4xx.s

UART5_IRQHandler 0000002E

Symbol: UART5_IRQHandler
   Definitions
      At line 371 in file src\startup_stm32f4xx.s
   Uses
      At line 133 in file src\startup_stm32f4xx.s
      At line 288 in file src\startup_stm32f4xx.s

USART1_IRQHandler 0000002E

Symbol: USART1_IRQHandler
   Definitions
      At line 355 in file src\startup_stm32f4xx.s
   Uses
      At line 117 in file src\startup_stm32f4xx.s
      At line 272 in file src\startup_stm32f4xx.s

USART2_IRQHandler 0000002E

Symbol: USART2_IRQHandler
   Definitions
      At line 356 in file src\startup_stm32f4xx.s
   Uses
      At line 118 in file src\startup_stm32f4xx.s
      At line 273 in file src\startup_stm32f4xx.s

USART3_IRQHandler 0000002E

Symbol: USART3_IRQHandler
   Definitions
      At line 357 in file src\startup_stm32f4xx.s
   Uses
      At line 119 in file src\startup_stm32f4xx.s
      At line 274 in file src\startup_stm32f4xx.s

USART6_IRQHandler 0000002E

Symbol: USART6_IRQHandler
   Definitions
      At line 389 in file src\startup_stm32f4xx.s
   Uses
      At line 151 in file src\startup_stm32f4xx.s
      At line 306 in file src\startup_stm32f4xx.s




ARM Macro Assembler    Page 15 Alphabetic symbol ordering
Relocatable symbols

UsageFault_Handler 00000024

Symbol: UsageFault_Handler
   Definitions
      At line 211 in file src\startup_stm32f4xx.s
   Uses
      At line 68 in file src\startup_stm32f4xx.s
      At line 212 in file src\startup_stm32f4xx.s

WWDG_IRQHandler 0000002E

Symbol: WWDG_IRQHandler
   Definitions
      At line 318 in file src\startup_stm32f4xx.s
   Uses
      At line 80 in file src\startup_stm32f4xx.s
      At line 235 in file src\startup_stm32f4xx.s

__user_initial_stackheap 00000030

Symbol: __user_initial_stackheap
   Definitions
      At line 421 in file src\startup_stm32f4xx.s
   Uses
      At line 419 in file src\startup_stm32f4xx.s
Comment: __user_initial_stackheap used once
95 symbols



ARM Macro Assembler    Page 1 Alphabetic symbol ordering
Absolute symbols

Heap_Size 00000200

Symbol: Heap_Size
   Definitions
      At line 45 in file src\startup_stm32f4xx.s
   Uses
      At line 49 in file src\startup_stm32f4xx.s
      At line 425 in file src\startup_stm32f4xx.s

Stack_Size 00000400

Symbol: Stack_Size
   Definitions
      At line 34 in file src\startup_stm32f4xx.s
   Uses
      At line 37 in file src\startup_stm32f4xx.s
      At line 424 in file src\startup_stm32f4xx.s

__Vectors_Size 00000188

Symbol: __Vectors_Size
   Definitions
      At line 165 in file src\startup_stm32f4xx.s
   Uses
      At line 60 in file src\startup_stm32f4xx.s
Comment: __Vectors_Size used once
3 symbols



ARM Macro Assembler    Page 1 Alphabetic symbol ordering
External symbols

SystemInit 00000000

Symbol: SystemInit
   Definitions
      At line 173 in file src\startup_stm32f4xx.s
   Uses
      At line 182 in file src\startup_stm32f4xx.s
Comment: SystemInit used once
__main 00000000

Symbol: __main
   Definitions
      At line 172 in file src\startup_stm32f4xx.s
   Uses
      At line 185 in file src\startup_stm32f4xx.s
Comment: __main used once
__use_two_region_memory 00000000

Symbol: __use_two_region_memory
   Definitions
      At line 418 in file src\startup_stm32f4xx.s
   Uses
      None
Comment: __use_two_region_memory unused
3 symbols
446 symbols in table
